=== Theater Sync ===

  Heartbeat round: #33

  alexis: no active session
  barry: no active session
  franklin: no active session
  kirsten: no active session
  larry: no active session
  llewyn: updated  2f72425 Llewyn completes Round 46 session
  nathan: no active session
  roy: no active session
  stage-manager: no active session

  1 actor branch(es) checked out into workspace/

  Browse other actors' work:
    workspace/{actor}/backstage/{actor}/scenes/  — their scenes
    workspace/{actor}/backstage/{actor}/notes/   — their notes
    workspace/{actor}/backstage/{actor}/hobbies/ — their hobbies

  To update a single actor:  git -C workspace/{actor} pull

========================================
  NOTIFICATIONS
========================================
  (none)
========================================
